Using pre-set license
Built from '2022.3/staging' branch; Version is '2022.3.7f1 (b16b3b16c7a0) revision 11627323'; Using compiler version '192829333'; Build Type 'Release'
OS: 'Windows 11  (10.0.22621) 64bit Core' Language: 'en' Physical Memory: 15628 MB
BatchMode: 1, IsHumanControllingUs: 0, StartBugReporterOnCrash: 0, Is64bit: 1, IsPro: 1

COMMAND LINE ARGUMENTS:
C:\Program Files\Unity\Hub\Editor\2022.3.7f1\Editor\Unity.exe
-adb2
-batchMode
-noUpm
-name
AssetImportWorker0
-projectPath
C:/Users/trety/OneDrive/Documents/GitHub/Lab1Animarion/School Lab #1
-logFile
Logs/AssetImportWorker0.log
-srvPort
60598
Successfully changed project path to: C:/Users/trety/OneDrive/Documents/GitHub/Lab1Animarion/School Lab #1
C:/Users/trety/OneDrive/Documents/GitHub/Lab1Animarion/School Lab #1
[UnityMemory] Configuration Parameters - Can be set up in boot.config
    "memorysetup-bucket-allocator-granularity=16"
    "memorysetup-bucket-allocator-bucket-count=8"
    "memorysetup-bucket-allocator-block-size=33554432"
    "memorysetup-bucket-allocator-block-count=8"
    "memorysetup-main-allocator-block-size=16777216"
    "memorysetup-thread-allocator-block-size=16777216"
    "memorysetup-gfx-main-allocator-block-size=16777216"
    "memorysetup-gfx-thread-allocator-block-size=16777216"
    "memorysetup-cache-allocator-block-size=4194304"
    "memorysetup-typetree-allocator-block-size=2097152"
    "memorysetup-profiler-bucket-allocator-granularity=16"
    "memorysetup-profiler-bucket-allocator-bucket-count=8"
    "memorysetup-profiler-bucket-allocator-block-size=33554432"
    "memorysetup-profiler-bucket-allocator-block-count=8"
    "memorysetup-profiler-allocator-block-size=16777216"
    "memorysetup-profiler-editor-allocator-block-size=1048576"
    "memorysetup-temp-allocator-size-main=16777216"
    "memorysetup-job-temp-allocator-block-size=2097152"
    "memorysetup-job-temp-allocator-block-size-background=1048576"
    "memorysetup-job-temp-allocator-reduction-small-platforms=262144"
    "memorysetup-allocator-temp-initial-block-size-main=262144"
    "memorysetup-allocator-temp-initial-block-size-worker=262144"
    "memorysetup-temp-allocator-size-background-worker=32768"
    "memorysetup-temp-allocator-size-job-worker=262144"
    "memorysetup-temp-allocator-size-preload-manager=33554432"
    "memorysetup-temp-allocator-size-nav-mesh-worker=65536"
    "memorysetup-temp-allocator-size-audio-worker=65536"
    "memorysetup-temp-allocator-size-cloud-worker=32768"
    "memorysetup-temp-allocator-size-gi-baking-worker=262144"
    "memorysetup-temp-allocator-size-gfx=262144"
Player connection [28152] Host "[IP] 192.168.191.142 [Port] 0 [Flags] 2 [Guid] 3390922981 [EditorId] 3390922981 [Version] 1048832 [Id] WindowsEditor(7,LAPTOP-K6D0DOT3) [Debug] 1 [PackageName] WindowsEditor [ProjectName] Editor" joined multi-casting on [225.0.0.222:54997]...

Player connection [28152] Host "[IP] 192.168.191.142 [Port] 0 [Flags] 2 [Guid] 3390922981 [EditorId] 3390922981 [Version] 1048832 [Id] WindowsEditor(7,LAPTOP-K6D0DOT3) [Debug] 1 [PackageName] WindowsEditor [ProjectName] Editor" joined alternative multi-casting on [225.0.0.222:34997]...

Refreshing native plugins compatible for Editor in 1651.01 ms, found 3 plugins.
Preloading 0 native plugins for Editor in 0.00 ms.
Initialize engine version: 2022.3.7f1 (b16b3b16c7a0)
[Subsystems] Discovering subsystems at path C:/Program Files/Unity/Hub/Editor/2022.3.7f1/Editor/Data/Resources/UnitySubsystems
[Subsystems] Discovering subsystems at path C:/Users/trety/OneDrive/Documents/GitHub/Lab1Animarion/School Lab #1/Assets
GfxDevice: creating device client; threaded=0; jobified=0
Direct3D:
    Version:  Direct3D 11.0 [level 11.1]
    Renderer: NVIDIA GeForce RTX 3060 Laptop GPU (ID=0x2520)
    Vendor:   NVIDIA
    VRAM:     6009 MB
    Driver:   31.0.15.3734
Initialize mono
Mono path[0] = 'C:/Program Files/Unity/Hub/Editor/2022.3.7f1/Editor/Data/Managed'
Mono path[1] = 'C:/Program Files/Unity/Hub/Editor/2022.3.7f1/Editor/Data/MonoBleedingEdge/lib/mono/unityjit-win32'
Mono config path = 'C:/Program Files/Unity/Hub/Editor/2022.3.7f1/Editor/Data/MonoBleedingEdge/etc'
Using monoOptions --debugger-agent=transport=dt_socket,embedding=1,server=y,suspend=n,address=127.0.0.1:56152
Begin MonoManager ReloadAssembly
Registering precompiled unity dll's ...
Register platform support module: C:/Program Files/Unity/Hub/Editor/2022.3.7f1/Editor/Data/PlaybackEngines/WindowsStandaloneSupport/UnityEditor.WindowsStandalone.Extensions.dll
Registered in 0.094856 seconds.
- Loaded All Assemblies, in  5.523 seconds
Native extension for WindowsStandalone target not found
Mono: successfully reloaded assembly
- Finished resetting the current domain, in  0.226 seconds
Domain Reload Profiling: 5747ms
	BeginReloadAssembly (4188ms)
		ExecutionOrderSort (0ms)
		DisableScriptedObjects (0ms)
		BackupInstance (0ms)
		ReleaseScriptingObjects (0ms)
		CreateAndSetChildDomain (1ms)
	RebuildCommonClasses (388ms)
	RebuildNativeTypeToScriptingClass (8ms)
	initialDomainReloadingComplete (145ms)
	LoadAllAssembliesAndSetupDomain (792ms)
		LoadAssemblies (4184ms)
		RebuildTransferFunctionScriptingTraits (0ms)
		AnalyzeDomain (790ms)
			TypeCache.Refresh (789ms)
				TypeCache.ScanAssembly (581ms)
			ScanForSourceGeneratedMonoScriptInfo (0ms)
			ResolveRequiredComponents (1ms)
	FinalizeReload (226ms)
		ReleaseScriptCaches (0ms)
		RebuildScriptCaches (0ms)
		SetupLoadedEditorAssemblies (175ms)
			LogAssemblyErrors (0ms)
			InitializePlatformSupportModulesInManaged (8ms)
			SetLoadedEditorAssemblies (7ms)
			RefreshPlugins (0ms)
			BeforeProcessingInitializeOnLoad (2ms)
			ProcessInitializeOnLoadAttributes (111ms)
			ProcessInitializeOnLoadMethodAttributes (47ms)
			AfterProcessingInitializeOnLoad (0ms)
			EditorAssembliesLoaded (0ms)
		ExecutionOrderSort2 (0ms)
		AwakeInstancesAfterBackupRestoration (0ms)
========================================================================
Worker process is ready to serve import requests
Begin MonoManager ReloadAssembly
Symbol file LoadedFromMemory doesn't match image C:\Users\trety\OneDrive\Documents\GitHub\Lab1Animarion\School Lab #1\Library\PackageCache\com.unity.visualscripting@1.8.0\Editor\VisualScripting.Core\Dependencies\YamlDotNet\Unity.VisualScripting.YamlDotNet.dll
Symbol file LoadedFromMemory doesn't match image C:\Users\trety\OneDrive\Documents\GitHub\Lab1Animarion\School Lab #1\Library\PackageCache\com.unity.visualscripting@1.8.0\Editor\VisualScripting.Core\Dependencies\DotNetZip\Unity.VisualScripting.IonicZip.dll
- Loaded All Assemblies, in  5.117 seconds
Refreshing native plugins compatible for Editor in 4.40 ms, found 3 plugins.
Native extension for WindowsStandalone target not found
Mono: successfully reloaded assembly
- Finished resetting the current domain, in  0.501 seconds
Domain Reload Profiling: 5609ms
	BeginReloadAssembly (183ms)
		ExecutionOrderSort (0ms)
		DisableScriptedObjects (7ms)
		BackupInstance (0ms)
		ReleaseScriptingObjects (0ms)
		CreateAndSetChildDomain (32ms)
	RebuildCommonClasses (38ms)
	RebuildNativeTypeToScriptingClass (11ms)
	initialDomainReloadingComplete (46ms)
	LoadAllAssembliesAndSetupDomain (4830ms)
		LoadAssemblies (4580ms)
		RebuildTransferFunctionScriptingTraits (0ms)
		AnalyzeDomain (354ms)
			TypeCache.Refresh (338ms)
				TypeCache.ScanAssembly (290ms)
			ScanForSourceGeneratedMonoScriptInfo (12ms)
			ResolveRequiredComponents (3ms)
	FinalizeReload (501ms)
		ReleaseScriptCaches (0ms)
		RebuildScriptCaches (0ms)
		SetupLoadedEditorAssemblies (365ms)
			LogAssemblyErrors (0ms)
			InitializePlatformSupportModulesInManaged (6ms)
			SetLoadedEditorAssemblies (4ms)
			RefreshPlugins (0ms)
			BeforeProcessingInitializeOnLoad (58ms)
			ProcessInitializeOnLoadAttributes (270ms)
			ProcessInitializeOnLoadMethodAttributes (20ms)
			AfterProcessingInitializeOnLoad (7ms)
			EditorAssembliesLoaded (0ms)
		ExecutionOrderSort2 (0ms)
		AwakeInstancesAfterBackupRestoration (6ms)
Launched and connected shader compiler UnityShaderCompiler.exe after 0.08 seconds
Refreshing native plugins compatible for Editor in 4.66 ms, found 3 plugins.
Preloading 0 native plugins for Editor in 0.00 ms.
Unloading 3067 Unused Serialized files (Serialized files now loaded: 0)
Unloading 31 unused Assets / (56.3 KB). Loaded Objects now: 3529.
Memory consumption went from 114.1 MB to 114.0 MB.
Total: 3.654800 ms (FindLiveObjects: 0.509000 ms CreateObjectMapping: 0.100500 ms MarkObjects: 2.919200 ms  DeleteObjects: 0.124900 ms)

AssetImportParameters requested are different than current active one (requested -> active):
  custom:container-demuxer-ogg: 62fdf1f143b41e24485cea50d1cbac27 -> 
  custom:video-codec-MediaFoundation-h265: 746d11721c4dcdbdad8f713fa42b33f4 -> 
  custom:video-decoder-ogg-theora: a1e56fd34408186e4bbccfd4996cb3dc -> 
  custom:framework-win-MediaFoundation: 216162199b28c13a410421893ffa2e32 -> 
  custom:CustomObjectIndexerAttribute: 756ad292c208cfabdd7b50bc23989ffe -> 
  custom:container-demuxer-webm: 4f35f7cbe854078d1ac9338744f61a02 -> 
  custom:container-muxer-webm: aa71ff27fc2769a1b78a27578f13a17b -> 
  custom:video-decoder-webm-vp8: 9c59270c3fd7afecdb556c50c9e8de78 -> 
  custom:SearchIndexIgnoredProperties: e643bd26f0fe6173181afceb89e7c659 -> 
  custom:AudioImporter_EditorPlatform: d09bf68614088b80899f8185d706f6e7 -> 
  custom:video-encoder-webm-vp8: eb34c28f22e8b96e1ab97ce403110664 -> 
  custom:audio-decoder-ogg-vorbis: bf7c407c2cedff20999df2af8eb42d56 -> 
  custom:audio-encoder-webm-vorbis: bf7c407c2cedff20999df2af8eb42d56 -> 
========================================================================
Received Import Request.
  Time since last request: 191289.625579 seconds.
  path: Assets/Scenes/CatBorg Studio/3D Dungeon Lowpoly Pack/Prefabs/99_Enviroment_Floor_01.prefab
  artifactKey: Guid(0646289dde1e8a544800d3790d629971) Importer(815301076,1909f56bfc062723c751e8b465ee728b)
Start importing Assets/Scenes/CatBorg Studio/3D Dungeon Lowpoly Pack/Prefabs/99_Enviroment_Floor_01.prefab using Guid(0646289dde1e8a544800d3790d629971) Importer(815301076,1909f56bfc062723c751e8b465ee728b)  -> (artifact id: 'b8b8f2a4ee1d484871fe95866a78cd82') in 0.416567 seconds
Number of updated asset objects reloaded before import = 0
Number of asset objects unloaded after import = 9
========================================================================
Received Import Request.
  Time since last request: 0.000035 seconds.
  path: Assets/Scenes/CatBorg Studio/3D Dungeon Lowpoly Pack/Prefabs/99_Decorations_WallBanner_1.prefab
  artifactKey: Guid(cb43e42ad7ce04a4c9f29223eb3e62f1) Importer(815301076,1909f56bfc062723c751e8b465ee728b)
Start importing Assets/Scenes/CatBorg Studio/3D Dungeon Lowpoly Pack/Prefabs/99_Decorations_WallBanner_1.prefab using Guid(cb43e42ad7ce04a4c9f29223eb3e62f1) Importer(815301076,1909f56bfc062723c751e8b465ee728b)  -> (artifact id: 'ef09da54c9e53acac8b213d1c3302cb8') in 0.021397 seconds
Number of updated asset objects reloaded before import = 0
Number of asset objects unloaded after import = 9
========================================================================
Received Import Request.
  Time since last request: 0.000018 seconds.
  path: Assets/Scenes/CatBorg Studio/3D Dungeon Lowpoly Pack/Prefabs/97_Othert_Key_Yellow_2.prefab
  artifactKey: Guid(38a240940317c744cbcd24ae027df742) Importer(815301076,1909f56bfc062723c751e8b465ee728b)
Start importing Assets/Scenes/CatBorg Studio/3D Dungeon Lowpoly Pack/Prefabs/97_Othert_Key_Yellow_2.prefab using Guid(38a240940317c744cbcd24ae027df742) Importer(815301076,1909f56bfc062723c751e8b465ee728b)  -> (artifact id: '64fdd3e310b5a8004be15413d2ee6106') in 0.017939 seconds
Number of updated asset objects reloaded before import = 0
Number of asset objects unloaded after import = 9
========================================================================
Received Import Request.
  Time since last request: 0.000017 seconds.
  path: Assets/Scenes/CatBorg Studio/3D Dungeon Lowpoly Pack/Prefabs/01_DiningHall_01_Bowl#1.prefab
  artifactKey: Guid(6e86b822bb8d54542ac1e3cf1972452c) Importer(815301076,1909f56bfc062723c751e8b465ee728b)
Start importing Assets/Scenes/CatBorg Studio/3D Dungeon Lowpoly Pack/Prefabs/01_DiningHall_01_Bowl#1.prefab using Guid(6e86b822bb8d54542ac1e3cf1972452c) Importer(815301076,1909f56bfc062723c751e8b465ee728b)  -> (artifact id: '7860f686f409865c17b034272b402b7c') in 0.021013 seconds
Number of updated asset objects reloaded before import = 0
Number of asset objects unloaded after import = 9
========================================================================
Received Import Request.
  Time since last request: 0.000029 seconds.
  path: Assets/Scenes/CatBorg Studio/3D Dungeon Lowpoly Pack
  artifactKey: Guid(1721a1f9d2e39d84caa64f4a81f4af70) Importer(815301076,1909f56bfc062723c751e8b465ee728b)
Start importing Assets/Scenes/CatBorg Studio/3D Dungeon Lowpoly Pack using Guid(1721a1f9d2e39d84caa64f4a81f4af70) Importer(815301076,1909f56bfc062723c751e8b465ee728b)  -> (artifact id: '3aeb02de92b22285e41f6446262eb1c6') in 0.000553 seconds
Number of updated asset objects reloaded before import = 0
Number of asset objects unloaded after import = 0
========================================================================
Received Import Request.
  Time since last request: 0.000050 seconds.
  path: Assets/Scenes/CatBorg Studio/3D Dungeon Lowpoly Pack/Prefabs/03_Blacksmith_01_Hammer#2.prefab
  artifactKey: Guid(d71513e356a6264478e901eb30867760) Importer(815301076,1909f56bfc062723c751e8b465ee728b)
Start importing Assets/Scenes/CatBorg Studio/3D Dungeon Lowpoly Pack/Prefabs/03_Blacksmith_01_Hammer#2.prefab using Guid(d71513e356a6264478e901eb30867760) Importer(815301076,1909f56bfc062723c751e8b465ee728b)  -> (artifact id: '12db44f409e9d3f6d7f0e38742588792') in 0.020287 seconds
Number of updated asset objects reloaded before import = 0
Number of asset objects unloaded after import = 9
========================================================================
Received Import Request.
  Time since last request: 0.000018 seconds.
  path: Assets/Scenes/CatBorg Studio/3D Dungeon Lowpoly Pack/Prefabs/97_Othert_Key_Yellow.prefab
  artifactKey: Guid(8e6bcd71fb429ed4cab90a908277c517) Importer(815301076,1909f56bfc062723c751e8b465ee728b)
Start importing Assets/Scenes/CatBorg Studio/3D Dungeon Lowpoly Pack/Prefabs/97_Othert_Key_Yellow.prefab using Guid(8e6bcd71fb429ed4cab90a908277c517) Importer(815301076,1909f56bfc062723c751e8b465ee728b)  -> (artifact id: '57af78e6f5410485e18ae344acc12d5d') in 0.021231 seconds
Number of updated asset objects reloaded before import = 0
Number of asset objects unloaded after import = 9
========================================================================
Received Import Request.
  Time since last request: 0.000026 seconds.
  path: Assets/Scenes/CatBorg Studio/3D Dungeon Lowpoly Pack/Prefabs/99_Enviroment_Doors.prefab
  artifactKey: Guid(a88728279c9ff77439e3768970fce445) Importer(815301076,1909f56bfc062723c751e8b465ee728b)
Start importing Assets/Scenes/CatBorg Studio/3D Dungeon Lowpoly Pack/Prefabs/99_Enviroment_Doors.prefab using Guid(a88728279c9ff77439e3768970fce445) Importer(815301076,1909f56bfc062723c751e8b465ee728b)  -> (artifact id: '48352d4f13e8f9ccc4b6404f26870982') in 0.148042 seconds
Number of updated asset objects reloaded before import = 0
Number of asset objects unloaded after import = 36
========================================================================
Received Import Request.
  Time since last request: 0.000020 seconds.
  path: Assets/Scenes/CatBorg Studio/3D Dungeon Lowpoly Pack/Prefabs/02_Kitchen_01_SpoonBucket.prefab
  artifactKey: Guid(70aff6ca55ad79544b118701d9ec1295) Importer(815301076,1909f56bfc062723c751e8b465ee728b)
Start importing Assets/Scenes/CatBorg Studio/3D Dungeon Lowpoly Pack/Prefabs/02_Kitchen_01_SpoonBucket.prefab using Guid(70aff6ca55ad79544b118701d9ec1295) Importer(815301076,1909f56bfc062723c751e8b465ee728b)  -> (artifact id: '8a1911d8e439f34525cb8fad6d60cc80') in 0.019506 seconds
Number of updated asset objects reloaded before import = 0
Number of asset objects unloaded after import = 9
========================================================================
Received Import Request.
  Time since last request: 0.000022 seconds.
  path: Assets/Scenes/CatBorg Studio/3D Dungeon Lowpoly Pack/Prefabs/01_Library_01_BookSmall_Purple.prefab
  artifactKey: Guid(06da729a12d15bd4ea5ab273ba5c2a7e) Importer(815301076,1909f56bfc062723c751e8b465ee728b)
Start importing Assets/Scenes/CatBorg Studio/3D Dungeon Lowpoly Pack/Prefabs/01_Library_01_BookSmall_Purple.prefab using Guid(06da729a12d15bd4ea5ab273ba5c2a7e) Importer(815301076,1909f56bfc062723c751e8b465ee728b)  -> (artifact id: '4448c634b7d97a05836f0565e900006d') in 0.016835 seconds
Number of updated asset objects reloaded before import = 0
Number of asset objects unloaded after import = 9
========================================================================
Received Import Request.
  Time since last request: 0.000015 seconds.
  path: Assets/Scenes/CatBorg Studio/3D Dungeon Lowpoly Pack/Prefabs/01_Library_01_BookSmall_Red.prefab
  artifactKey: Guid(617d2e0fb14387b4799c14f966e47054) Importer(815301076,1909f56bfc062723c751e8b465ee728b)
Start importing Assets/Scenes/CatBorg Studio/3D Dungeon Lowpoly Pack/Prefabs/01_Library_01_BookSmall_Red.prefab using Guid(617d2e0fb14387b4799c14f966e47054) Importer(815301076,1909f56bfc062723c751e8b465ee728b)  -> (artifact id: 'cf75cdcd109acee40f6b6731b33d4461') in 0.018165 seconds
Number of updated asset objects reloaded before import = 0
Number of asset objects unloaded after import = 9
========================================================================
Received Import Request.
  Time since last request: 0.000018 seconds.
  path: Assets/Scenes/CatBorg Studio/3D Dungeon Lowpoly Pack/Prefabs/01_Library_01_BigBook#1.prefab
  artifactKey: Guid(0e192ae82376e1f40a809e236fd8f192) Importer(815301076,1909f56bfc062723c751e8b465ee728b)
Start importing Assets/Scenes/CatBorg Studio/3D Dungeon Lowpoly Pack/Prefabs/01_Library_01_BigBook#1.prefab using Guid(0e192ae82376e1f40a809e236fd8f192) Importer(815301076,1909f56bfc062723c751e8b465ee728b)  -> (artifact id: 'fc389c8cadc9187c6c36bf2ff0f93876') in 0.019898 seconds
Number of updated asset objects reloaded before import = 0
Number of asset objects unloaded after import = 9
========================================================================
Received Import Request.
  Time since last request: 0.000016 seconds.
  path: Assets/Scenes/CatBorg Studio/3D Dungeon Lowpoly Pack/Prefabs/03_Blacksmith_01_GrindingWheel_Wheel.prefab
  artifactKey: Guid(7bd3fc177c86cf84a8b27ba2398c2977) Importer(815301076,1909f56bfc062723c751e8b465ee728b)
Start importing Assets/Scenes/CatBorg Studio/3D Dungeon Lowpoly Pack/Prefabs/03_Blacksmith_01_GrindingWheel_Wheel.prefab using Guid(7bd3fc177c86cf84a8b27ba2398c2977) Importer(815301076,1909f56bfc062723c751e8b465ee728b)  -> (artifact id: '732da7e7ae7cf3c6e1cb03cb2ac73630') in 0.019499 seconds
Number of updated asset objects reloaded before import = 0
Number of asset objects unloaded after import = 9
========================================================================
Received Import Request.
  Time since last request: 0.000016 seconds.
  path: Assets/Scenes/CatBorg Studio/3D Dungeon Lowpoly Pack/Prefabs/96_Traps_Trap_Spiner.prefab
  artifactKey: Guid(d2fc77b57485eaa4ea46234f0fc0a6b3) Importer(815301076,1909f56bfc062723c751e8b465ee728b)
Start importing Assets/Scenes/CatBorg Studio/3D Dungeon Lowpoly Pack/Prefabs/96_Traps_Trap_Spiner.prefab using Guid(d2fc77b57485eaa4ea46234f0fc0a6b3) Importer(815301076,1909f56bfc062723c751e8b465ee728b)  -> (artifact id: 'da0fef6eab975ed3e5daed93a03dcc32') in 0.017944 seconds
Number of updated asset objects reloaded before import = 0
Number of asset objects unloaded after import = 9
========================================================================
Received Import Request.
  Time since last request: 0.000020 seconds.
  path: Assets/Scenes/CatBorg Studio/3D Dungeon Lowpoly Pack/Prefabs/01_DiningHall_01_Cup#2.prefab
  artifactKey: Guid(c64bf04713b5e0549b27844ba6bfc9c9) Importer(815301076,1909f56bfc062723c751e8b465ee728b)
Start importing Assets/Scenes/CatBorg Studio/3D Dungeon Lowpoly Pack/Prefabs/01_DiningHall_01_Cup#2.prefab using Guid(c64bf04713b5e0549b27844ba6bfc9c9) Importer(815301076,1909f56bfc062723c751e8b465ee728b)  -> (artifact id: '28668b09d0c360c4de56bcbb5983c1f7') in 0.020195 seconds
Number of updated asset objects reloaded before import = 0
Number of asset objects unloaded after import = 9
========================================================================
Received Import Request.
  Time since last request: 0.000019 seconds.
  path: Assets/Scenes/CatBorg Studio/3D Dungeon Lowpoly Pack/Prefabs/03_Blacksmith_01_Hammer#1.prefab
  artifactKey: Guid(b14c26b3ab0a0a54a98340c8d9fb1fff) Importer(815301076,1909f56bfc062723c751e8b465ee728b)
Start importing Assets/Scenes/CatBorg Studio/3D Dungeon Lowpoly Pack/Prefabs/03_Blacksmith_01_Hammer#1.prefab using Guid(b14c26b3ab0a0a54a98340c8d9fb1fff) Importer(815301076,1909f56bfc062723c751e8b465ee728b)  -> (artifact id: '039234c6adfacbcadc7dd1ae52d25136') in 0.018470 seconds
Number of updated asset objects reloaded before import = 0
Number of asset objects unloaded after import = 9
========================================================================
Received Import Request.
  Time since last request: 0.000017 seconds.
  path: Assets/Scenes/CatBorg Studio/3D Dungeon Lowpoly Pack/Prefabs/02_Kitchen_01_CookingPot#1.prefab
  artifactKey: Guid(16dfe05c8ffa4d84681d7cd84ab17842) Importer(815301076,1909f56bfc062723c751e8b465ee728b)
Start importing Assets/Scenes/CatBorg Studio/3D Dungeon Lowpoly Pack/Prefabs/02_Kitchen_01_CookingPot#1.prefab using Guid(16dfe05c8ffa4d84681d7cd84ab17842) Importer(815301076,1909f56bfc062723c751e8b465ee728b)  -> (artifact id: 'd05199ce66790855db8973c0ff6342c9') in 0.019366 seconds
Number of updated asset objects reloaded before import = 0
Number of asset objects unloaded after import = 9
========================================================================
Received Import Request.
  Time since last request: 0.000027 seconds.
  path: Assets/Scenes/CatBorg Studio/3D Dungeon Lowpoly Pack/Prefabs/03_Blacksmith_01_Anvil.prefab
  artifactKey: Guid(6c4f80978ba9d5643881d5508aee3dba) Importer(815301076,1909f56bfc062723c751e8b465ee728b)
Start importing Assets/Scenes/CatBorg Studio/3D Dungeon Lowpoly Pack/Prefabs/03_Blacksmith_01_Anvil.prefab using Guid(6c4f80978ba9d5643881d5508aee3dba) Importer(815301076,1909f56bfc062723c751e8b465ee728b)  -> (artifact id: '64c8e404ade090b4997d885eff057586') in 0.020836 seconds
Number of updated asset objects reloaded before import = 0
Number of asset objects unloaded after import = 9
========================================================================
Received Import Request.
  Time since last request: 0.000016 seconds.
  path: Assets/Scenes/CatBorg Studio/3D Dungeon Lowpoly Pack/Prefabs/04_Bedroom_01_Matrace_ForBeed_1.prefab
  artifactKey: Guid(1dba64d63b3ff9545af2152cc3320b9a) Importer(815301076,1909f56bfc062723c751e8b465ee728b)
Start importing Assets/Scenes/CatBorg Studio/3D Dungeon Lowpoly Pack/Prefabs/04_Bedroom_01_Matrace_ForBeed_1.prefab using Guid(1dba64d63b3ff9545af2152cc3320b9a) Importer(815301076,1909f56bfc062723c751e8b465ee728b)  -> (artifact id: '1012a545c00a67efae9e2cacfb8475e3') in 0.020361 seconds
Number of updated asset objects reloaded before import = 0
Number of asset objects unloaded after import = 9
========================================================================
Received Import Request.
  Time since last request: 0.000016 seconds.
  path: Assets/Scenes/CatBorg Studio/3D Dungeon Lowpoly Pack/Prefabs/99_Decorations_WallBanner_4.prefab
  artifactKey: Guid(2448b7caaace7e64a8790c8d406f1fda) Importer(815301076,1909f56bfc062723c751e8b465ee728b)
Start importing Assets/Scenes/CatBorg Studio/3D Dungeon Lowpoly Pack/Prefabs/99_Decorations_WallBanner_4.prefab using Guid(2448b7caaace7e64a8790c8d406f1fda) Importer(815301076,1909f56bfc062723c751e8b465ee728b)  -> (artifact id: '540ac68b9c04e3ac3bdf7efedab86cd0') in 0.019661 seconds
Number of updated asset objects reloaded before import = 0
Number of asset objects unloaded after import = 9
========================================================================
Received Import Request.
  Time since last request: 0.000024 seconds.
  path: Assets/Scenes/CatBorg Studio/3D Dungeon Lowpoly Pack/Prefabs/03_Blacksmith_01_WoodenRack.prefab
  artifactKey: Guid(6fbf4207e2fef5e4687d16c507fc055b) Importer(815301076,1909f56bfc062723c751e8b465ee728b)
Start importing Assets/Scenes/CatBorg Studio/3D Dungeon Lowpoly Pack/Prefabs/03_Blacksmith_01_WoodenRack.prefab using Guid(6fbf4207e2fef5e4687d16c507fc055b) Importer(815301076,1909f56bfc062723c751e8b465ee728b)  -> (artifact id: 'e96d9db9c34fc3d68eb0913a21f50764') in 0.019310 seconds
Number of updated asset objects reloaded before import = 0
Number of asset objects unloaded after import = 14
========================================================================
Received Import Request.
  Time since last request: 0.000032 seconds.
  path: Assets/Scenes/CatBorg Studio/3D Dungeon Lowpoly Pack/Prefabs/01_Library_01_BookSmall_Green.prefab
  artifactKey: Guid(8644e36a4e3c34f4d9fcc44f7fcd7f7a) Importer(815301076,1909f56bfc062723c751e8b465ee728b)
Start importing Assets/Scenes/CatBorg Studio/3D Dungeon Lowpoly Pack/Prefabs/01_Library_01_BookSmall_Green.prefab using Guid(8644e36a4e3c34f4d9fcc44f7fcd7f7a) Importer(815301076,1909f56bfc062723c751e8b465ee728b)  -> (artifact id: '34834740952dbca47d9d223fbcc96374') in 0.019404 seconds
Number of updated asset objects reloaded before import = 0
Number of asset objects unloaded after import = 14
========================================================================
Received Import Request.
  Time since last request: 0.000019 seconds.
  path: Assets/Scenes/CatBorg Studio/3D Dungeon Lowpoly Pack/Prefabs/96_Traps_Trap_FloorWheel.prefab
  artifactKey: Guid(4feb7b624b286a94fb775672e6643c9f) Importer(815301076,1909f56bfc062723c751e8b465ee728b)
Start importing Assets/Scenes/CatBorg Studio/3D Dungeon Lowpoly Pack/Prefabs/96_Traps_Trap_FloorWheel.prefab using Guid(4feb7b624b286a94fb775672e6643c9f) Importer(815301076,1909f56bfc062723c751e8b465ee728b)  -> (artifact id: 'a86f0ed5278dfc355b1089b615b4d226') in 0.024064 seconds
Number of updated asset objects reloaded before import = 0
Number of asset objects unloaded after import = 16
========================================================================
Received Import Request.
  Time since last request: 0.000025 seconds.
  path: Assets/Scenes/CatBorg Studio/3D Dungeon Lowpoly Pack/Prefabs/03_Blacksmith_01_Blower.prefab
  artifactKey: Guid(a39dd3b8bbc8afd46aba5478c68d400c) Importer(815301076,1909f56bfc062723c751e8b465ee728b)
Start importing Assets/Scenes/CatBorg Studio/3D Dungeon Lowpoly Pack/Prefabs/03_Blacksmith_01_Blower.prefab using Guid(a39dd3b8bbc8afd46aba5478c68d400c) Importer(815301076,1909f56bfc062723c751e8b465ee728b)  -> (artifact id: 'd54a098beccfc0adf9f1910533290973') in 0.022285 seconds
Number of updated asset objects reloaded before import = 0
Number of asset objects unloaded after import = 9
========================================================================
Received Import Request.
  Time since last request: 0.000020 seconds.
  path: Assets/Scenes/CatBorg Studio/3D Dungeon Lowpoly Pack/Prefabs/01_Library_01_BookShelve_1.prefab
  artifactKey: Guid(34883640f89bba84885fe5885c21fa37) Importer(815301076,1909f56bfc062723c751e8b465ee728b)
Start importing Assets/Scenes/CatBorg Studio/3D Dungeon Lowpoly Pack/Prefabs/01_Library_01_BookShelve_1.prefab using Guid(34883640f89bba84885fe5885c21fa37) Importer(815301076,1909f56bfc062723c751e8b465ee728b)  -> (artifact id: 'fbc2c7863b7794d8a1aa297c867819e8') in 0.019065 seconds
Number of updated asset objects reloaded before import = 0
Number of asset objects unloaded after import = 14
========================================================================
Received Import Request.
  Time since last request: 0.000026 seconds.
  path: Assets/Scenes/CatBorg Studio/3D Dungeon Lowpoly Pack/Prefabs/01_Library_01_Candle#1.prefab
  artifactKey: Guid(a499bf0d3ec66534e8ea7e26047d2fea) Importer(815301076,1909f56bfc062723c751e8b465ee728b)
Start importing Assets/Scenes/CatBorg Studio/3D Dungeon Lowpoly Pack/Prefabs/01_Library_01_Candle#1.prefab using Guid(a499bf0d3ec66534e8ea7e26047d2fea) Importer(815301076,1909f56bfc062723c751e8b465ee728b)  -> (artifact id: '3063060e1254a6383bfb526568331941') in 0.019745 seconds
Number of updated asset objects reloaded before import = 0
Number of asset objects unloaded after import = 9
========================================================================
Received Import Request.
  Time since last request: 21090.536721 seconds.
  path: Assets/AurynSky
  artifactKey: Guid(180d6dedbd8d87c4dba9155833eb5aca) Importer(815301076,1909f56bfc062723c751e8b465ee728b)
Start importing Assets/AurynSky using Guid(180d6dedbd8d87c4dba9155833eb5aca) Importer(815301076,1909f56bfc062723c751e8b465ee728b)  -> (artifact id: '3181baf25455245bd90a038d14ee0a5e') in 0.036686 seconds
Number of updated asset objects reloaded before import = 0
Number of asset objects unloaded after import = 0
========================================================================
Received Import Request.
  Time since last request: 0.906671 seconds.
  path: Assets/AurynSky/Gems Ultimate Pack
  artifactKey: Guid(632084c51544b58439b742ccef1d2e9c) Importer(815301076,1909f56bfc062723c751e8b465ee728b)
Start importing Assets/AurynSky/Gems Ultimate Pack using Guid(632084c51544b58439b742ccef1d2e9c) Importer(815301076,1909f56bfc062723c751e8b465ee728b)  -> (artifact id: '025995c4617a56bbf7ea6269640d5e4c') in 0.001233 seconds
Number of updated asset objects reloaded before import = 0
Number of asset objects unloaded after import = 0
========================================================================
Received Import Request.
  Time since last request: 2.003213 seconds.
  path: Assets/AurynSky/Gems Ultimate Pack/Models
  artifactKey: Guid(e0cd51884e8322444a3b3146b5e8284a) Importer(815301076,1909f56bfc062723c751e8b465ee728b)
Start importing Assets/AurynSky/Gems Ultimate Pack/Models using Guid(e0cd51884e8322444a3b3146b5e8284a) Importer(815301076,1909f56bfc062723c751e8b465ee728b)  -> (artifact id: '1ee588c828112afec63209ed7a0c1ad4') in 0.001308 seconds
Number of updated asset objects reloaded before import = 0
Number of asset objects unloaded after import = 0
========================================================================
Received Import Request.
  Time since last request: 0.062659 seconds.
  path: Assets/AurynSky/Gems Ultimate Pack/Models/4 Side Diamond.fbx
  artifactKey: Guid(a59faa6df8bd9cd4c8779604face71a1) Importer(815301076,1909f56bfc062723c751e8b465ee728b)
Start importing Assets/AurynSky/Gems Ultimate Pack/Models/4 Side Diamond.fbx using Guid(a59faa6df8bd9cd4c8779604face71a1) Importer(815301076,1909f56bfc062723c751e8b465ee728b)  -> (artifact id: '7cdda52d73f92bc8eab9f4efc96df658') in 0.620790 seconds
Number of updated asset objects reloaded before import = 0
Number of asset objects unloaded after import = 8
========================================================================
Received Import Request.
  Time since last request: 0.000024 seconds.
  path: Assets/AurynSky/Gems Ultimate Pack/Models/Cuboid.fbx
  artifactKey: Guid(d5201c54bfe2c0242acafec0421e0d8e) Importer(815301076,1909f56bfc062723c751e8b465ee728b)
Start importing Assets/AurynSky/Gems Ultimate Pack/Models/Cuboid.fbx using Guid(d5201c54bfe2c0242acafec0421e0d8e) Importer(815301076,1909f56bfc062723c751e8b465ee728b)  -> (artifact id: 'd630041eb8bdbf4589a4231fc3403fd7') in 0.029997 seconds
Number of updated asset objects reloaded before import = 0
Number of asset objects unloaded after import = 8
========================================================================
Received Import Request.
  Time since last request: 0.000025 seconds.
  path: Assets/AurynSky/Gems Ultimate Pack/Models/Spiral.fbx
  artifactKey: Guid(973011b81536fe2408cc13aa49700e3b) Importer(815301076,1909f56bfc062723c751e8b465ee728b)
Start importing Assets/AurynSky/Gems Ultimate Pack/Models/Spiral.fbx using Guid(973011b81536fe2408cc13aa49700e3b) Importer(815301076,1909f56bfc062723c751e8b465ee728b)  -> (artifact id: '9e862284545255ec8d2c334560d783f9') in 0.023882 seconds
Number of updated asset objects reloaded before import = 0
Number of asset objects unloaded after import = 8
========================================================================
Received Import Request.
  Time since last request: 0.000022 seconds.
  path: Assets/AurynSky/Gems Ultimate Pack/Models/Hexgon.fbx
  artifactKey: Guid(88298ecb4d0fcff45879b1338c17fe54) Importer(815301076,1909f56bfc062723c751e8b465ee728b)
Start importing Assets/AurynSky/Gems Ultimate Pack/Models/Hexgon.fbx using Guid(88298ecb4d0fcff45879b1338c17fe54) Importer(815301076,1909f56bfc062723c751e8b465ee728b)  -> (artifact id: 'e0d0016cc8099969050e9a1965a8332f') in 0.023817 seconds
Number of updated asset objects reloaded before import = 0
Number of asset objects unloaded after import = 8
========================================================================
Received Import Request.
  Time since last request: 0.000017 seconds.
  path: Assets/AurynSky/Gems Ultimate Pack/Models/Heart.fbx
  artifactKey: Guid(f5e70b692f804d346a44df961b6ad5a8) Importer(815301076,1909f56bfc062723c751e8b465ee728b)
Start importing Assets/AurynSky/Gems Ultimate Pack/Models/Heart.fbx using Guid(f5e70b692f804d346a44df961b6ad5a8) Importer(815301076,1909f56bfc062723c751e8b465ee728b)  -> (artifact id: '80a98c070687309828a168657a998db6') in 0.029136 seconds
Number of updated asset objects reloaded before import = 0
Number of asset objects unloaded after import = 8
========================================================================
Received Import Request.
  Time since last request: 0.000021 seconds.
  path: Assets/AurynSky/Gems Ultimate Pack/Models/BeveledStar.fbx
  artifactKey: Guid(fce0ecff534816b49af71ef31033c259) Importer(815301076,1909f56bfc062723c751e8b465ee728b)
Start importing Assets/AurynSky/Gems Ultimate Pack/Models/BeveledStar.fbx using Guid(fce0ecff534816b49af71ef31033c259) Importer(815301076,1909f56bfc062723c751e8b465ee728b)  -> (artifact id: '85fabdb4f6f135718137b25d0bb8aae6') in 0.026416 seconds
Number of updated asset objects reloaded before import = 0
Number of asset objects unloaded after import = 8
========================================================================
Received Import Request.
  Time since last request: 0.000022 seconds.
  path: Assets/AurynSky/Gems Ultimate Pack/Models/CubieBeveled.fbx
  artifactKey: Guid(6579b708f10e00c448d8ddbc06ba95fe) Importer(815301076,1909f56bfc062723c751e8b465ee728b)
Start importing Assets/AurynSky/Gems Ultimate Pack/Models/CubieBeveled.fbx using Guid(6579b708f10e00c448d8ddbc06ba95fe) Importer(815301076,1909f56bfc062723c751e8b465ee728b)  -> (artifact id: '8f9104e46450a7fbe5b0847932e4c9e5') in 0.025551 seconds
Number of updated asset objects reloaded before import = 0
Number of asset objects unloaded after import = 8
========================================================================
Received Import Request.
  Time since last request: 4.102053 seconds.
  path: Assets/AurynSky/Gems Ultimate Pack/Prefabs
  artifactKey: Guid(ea08d9dc514a72c4182e8436320c8ced) Importer(815301076,1909f56bfc062723c751e8b465ee728b)
Start importing Assets/AurynSky/Gems Ultimate Pack/Prefabs using Guid(ea08d9dc514a72c4182e8436320c8ced) Importer(815301076,1909f56bfc062723c751e8b465ee728b)  -> (artifact id: 'cfdbf800186bcd4b97ac94c61fa99fa7') in 0.000660 seconds
Number of updated asset objects reloaded before import = 0
Number of asset objects unloaded after import = 0
========================================================================
Received Import Request.
  Time since last request: 0.075743 seconds.
  path: Assets/AurynSky/Gems Ultimate Pack/Prefabs/4 Side Diamond.prefab
  artifactKey: Guid(0ed203d298c050b49bfabe788790e1c2) Importer(815301076,1909f56bfc062723c751e8b465ee728b)
Start importing Assets/AurynSky/Gems Ultimate Pack/Prefabs/4 Side Diamond.prefab using Guid(0ed203d298c050b49bfabe788790e1c2) Importer(815301076,1909f56bfc062723c751e8b465ee728b)  -> (artifact id: 'daf91769ea304e390cd1845bbce086a3') in 0.027987 seconds
Number of updated asset objects reloaded before import = 0
Number of asset objects unloaded after import = 9
========================================================================
Received Import Request.
  Time since last request: 0.000038 seconds.
  path: Assets/AurynSky/Gems Ultimate Pack/Prefabs/BeveledStar.prefab
  artifactKey: Guid(f5c872ee906a85b46aa65e0ab683ed9f) Importer(815301076,1909f56bfc062723c751e8b465ee728b)
Start importing Assets/AurynSky/Gems Ultimate Pack/Prefabs/BeveledStar.prefab using Guid(f5c872ee906a85b46aa65e0ab683ed9f) Importer(815301076,1909f56bfc062723c751e8b465ee728b)  -> (artifact id: 'c86ea9686dc9cecd0aed74ebfe244756') in 0.015290 seconds
Number of updated asset objects reloaded before import = 0
Number of asset objects unloaded after import = 9
========================================================================
Received Import Request.
  Time since last request: 0.000017 seconds.
  path: Assets/AurynSky/Gems Ultimate Pack/Prefabs/Diamondo.prefab
  artifactKey: Guid(5c02591794acece409986647ed6329a7) Importer(815301076,1909f56bfc062723c751e8b465ee728b)
Start importing Assets/AurynSky/Gems Ultimate Pack/Prefabs/Diamondo.prefab using Guid(5c02591794acece409986647ed6329a7) Importer(815301076,1909f56bfc062723c751e8b465ee728b)  -> (artifact id: '99a27e779b11a0a2df1261011c27a540') in 0.017580 seconds
Number of updated asset objects reloaded before import = 0
Number of asset objects unloaded after import = 9
========================================================================
Received Import Request.
  Time since last request: 0.000016 seconds.
  path: Assets/AurynSky/Gems Ultimate Pack/Prefabs/HardStar.prefab
  artifactKey: Guid(c4bf8b30fce268044a786a8600922324) Importer(815301076,1909f56bfc062723c751e8b465ee728b)
Start importing Assets/AurynSky/Gems Ultimate Pack/Prefabs/HardStar.prefab using Guid(c4bf8b30fce268044a786a8600922324) Importer(815301076,1909f56bfc062723c751e8b465ee728b)  -> (artifact id: 'a8b1ef0d088d51bec8fb6d87b0252b87') in 0.011814 seconds
Number of updated asset objects reloaded before import = 0
Number of asset objects unloaded after import = 9
========================================================================
Received Import Request.
  Time since last request: 0.000302 seconds.
  path: Assets/AurynSky/Gems Ultimate Pack/Prefabs/Hexgon.prefab
  artifactKey: Guid(676e107eeafc5524b97910d76516565d) Importer(815301076,1909f56bfc062723c751e8b465ee728b)
Start importing Assets/AurynSky/Gems Ultimate Pack/Prefabs/Hexgon.prefab using Guid(676e107eeafc5524b97910d76516565d) Importer(815301076,1909f56bfc062723c751e8b465ee728b)  -> (artifact id: '289ee878209c94ed8bc2808cf250e9fe') in 0.013598 seconds
Number of updated asset objects reloaded before import = 0
Number of asset objects unloaded after import = 9
========================================================================
Received Import Request.
  Time since last request: 0.000018 seconds.
  path: Assets/AurynSky/Gems Ultimate Pack/Prefabs/SoftStar.prefab
  artifactKey: Guid(8f226a393243a0141bace5fd6b60bafa) Importer(815301076,1909f56bfc062723c751e8b465ee728b)
Start importing Assets/AurynSky/Gems Ultimate Pack/Prefabs/SoftStar.prefab using Guid(8f226a393243a0141bace5fd6b60bafa) Importer(815301076,1909f56bfc062723c751e8b465ee728b)  -> (artifact id: '2cccc6957e7cc9aaf1f48a3b57b26ea9') in 0.011647 seconds
Number of updated asset objects reloaded before import = 0
Number of asset objects unloaded after import = 9
========================================================================
Received Import Request.
  Time since last request: 0.000025 seconds.
  path: Assets/AurynSky/Gems Ultimate Pack/Prefabs/SphereGemSmall.prefab
  artifactKey: Guid(af16961524284e54491133548920258b) Importer(815301076,1909f56bfc062723c751e8b465ee728b)
Start importing Assets/AurynSky/Gems Ultimate Pack/Prefabs/SphereGemSmall.prefab using Guid(af16961524284e54491133548920258b) Importer(815301076,1909f56bfc062723c751e8b465ee728b)  -> (artifact id: 'e65c6184be6ea97f60638fa007336f41') in 0.015124 seconds
Number of updated asset objects reloaded before import = 0
Number of asset objects unloaded after import = 9
========================================================================
Received Import Request.
  Time since last request: 0.000022 seconds.
  path: Assets/AurynSky/Gems Ultimate Pack/Prefabs/Heart.prefab
  artifactKey: Guid(5a0537415d4017c4fad7a4986f502dc1) Importer(815301076,1909f56bfc062723c751e8b465ee728b)
Start importing Assets/AurynSky/Gems Ultimate Pack/Prefabs/Heart.prefab using Guid(5a0537415d4017c4fad7a4986f502dc1) Importer(815301076,1909f56bfc062723c751e8b465ee728b)  -> (artifact id: '031940f001af0b8843a592f545638b63') in 0.015309 seconds
Number of updated asset objects reloaded before import = 0
Number of asset objects unloaded after import = 10
Editor requested this worker to shutdown with reason: Scaling down because of idle timeout
TcpMessagingSession - receive error: operation aborted. errorcode: 995, details: The I/O operation has been aborted because of either a thread exit or an application request.
AssetImportWorker is now disconnected from the server
Process exiting
Exiting without the bug reporter. Application will terminate with return code 0